<?xml version="1.0" encoding="UTF-8"?>
<testng-results ignored="0" total="1" passed="1" failed="0" skipped="0">
  <reporter-output>
  </reporter-output>
  <suite started-at="2023-08-17T18:57:00 SAST" name="Default suite" finished-at="2023-08-17T18:57:07 SAST" duration-ms="7213">
    <groups>
    </groups>
    <test started-at="2023-08-17T18:57:00 SAST" name="Default test" finished-at="2023-08-17T18:57:07 SAST" duration-ms="7213">
      <class name="com.APIAssessment.JsonApiResponseTest">
        <test-method signature="testJsonResponseValidation()[pri:0, instance:com.APIAssessment.JsonApiResponseTest@cd3fee8]" started-at="2023-08-17T18:57:00 SAST" name="testJsonResponseValidation" finished-at="2023-08-17T18:57:07 SAST" duration-ms="7098" status="PASS">
          <reporter-output>
          </reporter-output>
        </test-method> <!-- testJsonResponseValidation -->
      </class> <!-- com.APIAssessment.JsonApiResponseTest -->
    </test> <!-- Default test -->
  </suite> <!-- Default suite -->
</testng-results>
